[0.405s] Invoking command in '/home/phostau/computer_condition_display/Computer_Condition_Display/src/status_publisher': AMENT_PREFIX_PATH=/home/phostau/computer_condition_display/install/status_interfaces:${AMENT_PREFIX_PATH} CMAKE_PREFIX_PATH=/home/phostau/computer_condition_display/install/status_interfaces:${CMAKE_PREFIX_PATH} LD_LIBRARY_PATH=/home/phostau/computer_condition_display/install/status_interfaces/lib:${LD_LIBRARY_PATH} PYTHONPATH=/home/phostau/computer_condition_display/build/status_publisher/prefix_override:/usr/lib/python3/dist-packages/colcon_core/task/python/colcon_distutils_commands:/home/phostau/computer_condition_display/install/status_publisher/lib/python3.10/site-packages:/home/phostau/computer_condition_display/install/status_interfaces/local/lib/python3.10/dist-packages:${PYTHONPATH} /usr/bin/python3 -W ignore:setup.py install is deprecated -W ignore:easy_install command is deprecated setup.py egg_info --egg-base ../../../build/status_publisher build --build-base /home/phostau/computer_condition_display/build/status_publisher/build install --record /home/phostau/computer_condition_display/build/status_publisher/install.log --single-version-externally-managed install_data
[0.551s] running egg_info
[0.552s] writing ../../../build/status_publisher/status_publisher.egg-info/PKG-INFO
[0.552s] writing dependency_links to ../../../build/status_publisher/status_publisher.egg-info/dependency_links.txt
[0.552s] writing entry points to ../../../build/status_publisher/status_publisher.egg-info/entry_points.txt
[0.552s] writing requirements to ../../../build/status_publisher/status_publisher.egg-info/requires.txt
[0.552s] writing top-level names to ../../../build/status_publisher/status_publisher.egg-info/top_level.txt
[0.553s] reading manifest file '../../../build/status_publisher/status_publisher.egg-info/SOURCES.txt'
[0.553s] adding license file 'LICENSE'
[0.553s] writing manifest file '../../../build/status_publisher/status_publisher.egg-info/SOURCES.txt'
[0.554s] running build
[0.554s] running build_py
[0.554s] running install
[0.554s] running install_lib
[0.554s] running install_data
[0.555s] running install_egg_info
[0.556s] removing '/home/phostau/computer_condition_display/install/status_publisher/lib/python3.10/site-packages/status_publisher-0.0.0-py3.10.egg-info' (and everything under it)
[0.556s] Copying ../../../build/status_publisher/status_publisher.egg-info to /home/phostau/computer_condition_display/install/status_publisher/lib/python3.10/site-packages/status_publisher-0.0.0-py3.10.egg-info
[0.556s] running install_scripts
[0.570s] Installing sys_status_pub script to /home/phostau/computer_condition_display/install/status_publisher/lib/status_publisher
[0.570s] writing list of installed files to '/home/phostau/computer_condition_display/build/status_publisher/install.log'
[0.589s] Invoked command in '/home/phostau/computer_condition_display/Computer_Condition_Display/src/status_publisher' returned '0': AMENT_PREFIX_PATH=/home/phostau/computer_condition_display/install/status_interfaces:${AMENT_PREFIX_PATH} CMAKE_PREFIX_PATH=/home/phostau/computer_condition_display/install/status_interfaces:${CMAKE_PREFIX_PATH} LD_LIBRARY_PATH=/home/phostau/computer_condition_display/install/status_interfaces/lib:${LD_LIBRARY_PATH} PYTHONPATH=/home/phostau/computer_condition_display/build/status_publisher/prefix_override:/usr/lib/python3/dist-packages/colcon_core/task/python/colcon_distutils_commands:/home/phostau/computer_condition_display/install/status_publisher/lib/python3.10/site-packages:/home/phostau/computer_condition_display/install/status_interfaces/local/lib/python3.10/dist-packages:${PYTHONPATH} /usr/bin/python3 -W ignore:setup.py install is deprecated -W ignore:easy_install command is deprecated setup.py egg_info --egg-base ../../../build/status_publisher build --build-base /home/phostau/computer_condition_display/build/status_publisher/build install --record /home/phostau/computer_condition_display/build/status_publisher/install.log --single-version-externally-managed install_data
