[0.007s] Invoking command in '/home/phostau/computer_condition_display/build/status_interfaces': CMAKE_PREFIX_PATH=${CMAKE_PREFIX_PATH}:/home/phostau/ros2_ws/install/status_publisher:/opt/ros/humble /usr/bin/cmake /home/phostau/computer_condition_display/Computer_Condition_Display/src/status_interfaces -DCMAKE_INSTALL_PREFIX=/home/phostau/computer_condition_display/install/status_interfaces
[0.059s] -- The C compiler identification is GNU 11.4.0
[0.115s] -- The CXX compiler identification is GNU 11.4.0
[0.123s] -- Detecting C compiler ABI info
[0.204s] -- Detecting C compiler ABI info - done
[0.215s] -- Check for working C compiler: /usr/bin/cc - skipped
[0.215s] -- Detecting C compile features
[0.216s] -- Detecting C compile features - done
[0.220s] -- Detecting CXX compiler ABI info
[0.309s] -- Detecting CXX compiler ABI info - done
[0.315s] -- Check for working CXX compiler: /usr/bin/c++ - skipped
[0.315s] -- Detecting CXX compile features
[0.316s] -- Detecting CXX compile features - done
[0.318s] -- Found ament_cmake: 1.3.12 (/opt/ros/humble/share/ament_cmake/cmake)
[0.445s] -- Found Python3: /usr/bin/python3 (found version "3.10.12") found components: Interpreter 
[0.521s] -- Found rosidl_default_generators: 1.2.0 (/opt/ros/humble/share/rosidl_default_generators/cmake)
[0.525s] -- Using all available rosidl_typesupport_c: rosidl_typesupport_fastrtps_c;rosidl_typesupport_introspection_c
[0.534s] -- Found rosidl_adapter: 3.1.7 (/opt/ros/humble/share/rosidl_adapter/cmake)
[0.568s] -- Using all available rosidl_typesupport_cpp: rosidl_typesupport_fastrtps_cpp;rosidl_typesupport_introspection_cpp
[0.593s] -- Found builtin_interfaces: 1.2.2 (/opt/ros/humble/share/builtin_interfaces/cmake)
[0.829s] -- Found ament_cmake_ros: 0.10.0 (/opt/ros/humble/share/ament_cmake_ros/cmake)
[1.008s] -- Using all available rosidl_typesupport_c: rosidl_typesupport_fastrtps_c;rosidl_typesupport_introspection_c
[1.234s] -- Using all available rosidl_typesupport_cpp: rosidl_typesupport_fastrtps_cpp;rosidl_typesupport_introspection_cpp
[1.263s] -- Found PythonInterp: /usr/bin/python3 (found suitable version "3.10.12", minimum required is "3.6") 
[1.264s] -- Found python_cmake_module: 0.10.0 (/opt/ros/humble/share/python_cmake_module/cmake)
[1.289s] -- Found PythonLibs: /usr/lib/x86_64-linux-gnu/libpython3.10.so (found suitable version "3.10.12", minimum required is "3.5") 
[1.289s] -- Using PYTHON_EXECUTABLE: /usr/bin/python3
[1.289s] -- Using PYTHON_INCLUDE_DIRS: /usr/include/python3.10
[1.289s] -- Using PYTHON_LIBRARIES: /usr/lib/x86_64-linux-gnu/libpython3.10.so
[1.313s] -- Found PythonExtra: .so  
[1.351s] -- Found ament_lint_auto: 0.12.14 (/opt/ros/humble/share/ament_lint_auto/cmake)
[1.366s] -- Added test 'lint_cmake' to check CMake code style
[1.366s] -- Added test 'xmllint' to check XML markup files
[1.368s] -- Configuring done
[1.384s] -- Generating done
[1.391s] -- Build files have been written to: /home/phostau/computer_condition_display/build/status_interfaces
[1.396s] Invoked command in '/home/phostau/computer_condition_display/build/status_interfaces' returned '0': CMAKE_PREFIX_PATH=${CMAKE_PREFIX_PATH}:/home/phostau/ros2_ws/install/status_publisher:/opt/ros/humble /usr/bin/cmake /home/phostau/computer_condition_display/Computer_Condition_Display/src/status_interfaces -DCMAKE_INSTALL_PREFIX=/home/phostau/computer_condition_display/install/status_interfaces
[1.397s] Invoking command in '/home/phostau/computer_condition_display/build/status_interfaces': CMAKE_PREFIX_PATH=${CMAKE_PREFIX_PATH}:/home/phostau/ros2_ws/install/status_publisher:/opt/ros/humble /usr/bin/cmake --build /home/phostau/computer_condition_display/build/status_interfaces -- -j16 -l16
[1.434s] [  3%] [34m[1mGenerating C code for ROS interfaces[0m
[1.447s] [  6%] [34m[1mGenerating C++ code for ROS interfaces[0m
[1.455s] [  6%] Built target ament_cmake_python_copy_status_interfaces
[1.610s] running egg_info
[1.611s] creating status_interfaces.egg-info
[1.611s] writing status_interfaces.egg-info/PKG-INFO
[1.611s] writing dependency_links to status_interfaces.egg-info/dependency_links.txt
[1.612s] writing top-level names to status_interfaces.egg-info/top_level.txt
[1.612s] writing manifest file 'status_interfaces.egg-info/SOURCES.txt'
[1.615s] reading manifest file 'status_interfaces.egg-info/SOURCES.txt'
[1.615s] writing manifest file 'status_interfaces.egg-info/SOURCES.txt'
[1.652s] [  6%] Built target ament_cmake_python_build_status_interfaces_egg
[1.677s] [  9%] [32mBuilding C object CMakeFiles/status_interfaces__rosidl_generator_c.dir/rosidl_generator_c/status_interfaces/msg/detail/system_status__functions.c.o[0m
[1.692s] [  9%] Built target status_interfaces__cpp
[1.699s] [ 16%] [34m[1mGenerating C++ introspection for ROS interfaces[0m
[1.700s] [ 16%] [34m[1mGenerating C++ type support for eProsima Fast-RTPS[0m
[1.700s] [ 19%] [34m[1mGenerating C++ type support dispatch for ROS interfaces[0m
[1.715s] [ 22%] [32m[1mLinking C shared library libstatus_interfaces__rosidl_generator_c.so[0m
[1.753s] [ 22%] Built target status_interfaces__rosidl_generator_c
[1.764s] [ 25%] [34m[1mGenerating C type support for eProsima Fast-RTPS[0m
[1.764s] [ 32%] [34m[1mGenerating C type support dispatch for ROS interfaces[0m
[1.764s] [ 32%] [34m[1mGenerating C introspection for ROS interfaces[0m
[1.902s] [ 35%] [32mBuilding CXX object CMakeFiles/status_interfaces__rosidl_typesupport_cpp.dir/rosidl_typesupport_cpp/status_interfaces/msg/system_status__type_support.cpp.o[0m
[1.910s] [ 38%] [32mBuilding CXX object CMakeFiles/status_interfaces__rosidl_typesupport_introspection_cpp.dir/rosidl_typesupport_introspection_cpp/status_interfaces/msg/detail/system_status__type_support.cpp.o[0m
[1.918s] [ 41%] [32mBuilding CXX object CMakeFiles/status_interfaces__rosidl_typesupport_fastrtps_cpp.dir/rosidl_typesupport_fastrtps_cpp/status_interfaces/msg/detail/dds_fastrtps/system_status__type_support.cpp.o[0m
[1.977s] [ 45%] [32mBuilding C object CMakeFiles/status_interfaces__rosidl_typesupport_introspection_c.dir/rosidl_typesupport_introspection_c/status_interfaces/msg/detail/system_status__type_support.c.o[0m
[2.009s] [ 48%] [32m[1mLinking C shared library libstatus_interfaces__rosidl_typesupport_introspection_c.so[0m
[2.035s] [ 48%] Built target status_interfaces__rosidl_typesupport_introspection_c
[2.071s] [ 51%] [32m[1mLinking CXX shared library libstatus_interfaces__rosidl_typesupport_cpp.so[0m
[2.081s] [ 54%] [32mBuilding CXX object CMakeFiles/status_interfaces__rosidl_typesupport_c.dir/rosidl_typesupport_c/status_interfaces/msg/system_status__type_support.cpp.o[0m
[2.100s] [ 58%] [32mBuilding CXX object CMakeFiles/status_interfaces__rosidl_typesupport_fastrtps_c.dir/rosidl_typesupport_fastrtps_c/status_interfaces/msg/detail/system_status__type_support_c.cpp.o[0m
[2.101s] [ 58%] Built target status_interfaces__rosidl_typesupport_cpp
[2.111s] [ 61%] [32m[1mLinking CXX shared library libstatus_interfaces__rosidl_typesupport_c.so[0m
[2.134s] [ 64%] [32m[1mLinking CXX shared library libstatus_interfaces__rosidl_typesupport_introspection_cpp.so[0m
[2.151s] [ 64%] Built target status_interfaces__rosidl_typesupport_c
[2.161s] [ 67%] [32m[1mLinking CXX shared library libstatus_interfaces__rosidl_typesupport_fastrtps_cpp.so[0m
[2.187s] [ 67%] Built target status_interfaces__rosidl_typesupport_introspection_cpp
[2.218s] [ 67%] Built target status_interfaces__rosidl_typesupport_fastrtps_cpp
[2.307s] [ 70%] [32m[1mLinking CXX shared library libstatus_interfaces__rosidl_typesupport_fastrtps_c.so[0m
[2.377s] [ 70%] Built target status_interfaces__rosidl_typesupport_fastrtps_c
[2.403s] [ 70%] Built target status_interfaces
[2.435s] [ 74%] [34m[1mGenerating Python code for ROS interfaces[0m
[2.739s] [ 74%] Built target status_interfaces__py
[2.759s] [ 77%] [32mBuilding C object CMakeFiles/status_interfaces__rosidl_generator_py.dir/rosidl_generator_py/status_interfaces/msg/_system_status_s.c.o[0m
[2.861s] [ 80%] [32m[1mLinking C shared library rosidl_generator_py/status_interfaces/libstatus_interfaces__rosidl_generator_py.so[0m
[2.906s] [ 80%] Built target status_interfaces__rosidl_generator_py
[2.935s] [ 83%] [32mBuilding C object CMakeFiles/status_interfaces__rosidl_typesupport_introspection_c__pyext.dir/rosidl_generator_py/status_interfaces/_status_interfaces_s.ep.rosidl_typesupport_introspection_c.c.o[0m
[2.935s] [ 87%] [32mBuilding C object CMakeFiles/status_interfaces__rosidl_typesupport_c__pyext.dir/rosidl_generator_py/status_interfaces/_status_interfaces_s.ep.rosidl_typesupport_c.c.o[0m
[2.935s] [ 90%] [32mBuilding C object CMakeFiles/status_interfaces__rosidl_typesupport_fastrtps_c__pyext.dir/rosidl_generator_py/status_interfaces/_status_interfaces_s.ep.rosidl_typesupport_fastrtps_c.c.o[0m
[3.003s] [ 93%] [32m[1mLinking C shared library rosidl_generator_py/status_interfaces/status_interfaces_s__rosidl_typesupport_fastrtps_c.cpython-310-x86_64-linux-gnu.so[0m
[3.003s] [ 96%] [32m[1mLinking C shared library rosidl_generator_py/status_interfaces/status_interfaces_s__rosidl_typesupport_c.cpython-310-x86_64-linux-gnu.so[0m
[3.008s] [100%] [32m[1mLinking C shared library rosidl_generator_py/status_interfaces/status_interfaces_s__rosidl_typesupport_introspection_c.cpython-310-x86_64-linux-gnu.so[0m
[3.039s] [100%] Built target status_interfaces__rosidl_typesupport_fastrtps_c__pyext
[3.039s] [100%] Built target status_interfaces__rosidl_typesupport_c__pyext
[3.042s] [100%] Built target status_interfaces__rosidl_typesupport_introspection_c__pyext
[3.059s] Invoked command in '/home/phostau/computer_condition_display/build/status_interfaces' returned '0': CMAKE_PREFIX_PATH=${CMAKE_PREFIX_PATH}:/home/phostau/ros2_ws/install/status_publisher:/opt/ros/humble /usr/bin/cmake --build /home/phostau/computer_condition_display/build/status_interfaces -- -j16 -l16
[3.079s] Invoking command in '/home/phostau/computer_condition_display/build/status_interfaces': CMAKE_PREFIX_PATH=${CMAKE_PREFIX_PATH}:/home/phostau/ros2_ws/install/status_publisher:/opt/ros/humble /usr/bin/cmake --install /home/phostau/computer_condition_display/build/status_interfaces
[3.098s] -- Install configuration: ""
[3.098s] -- Installing: /home/phostau/computer_condition_display/install/status_interfaces/share/ament_index/resource_index/rosidl_interfaces/status_interfaces
[3.099s] -- Installing: /home/phostau/computer_condition_display/install/status_interfaces/include/status_interfaces/status_interfaces
[3.099s] -- Installing: /home/phostau/computer_condition_display/install/status_interfaces/include/status_interfaces/status_interfaces/msg
[3.099s] -- Installing: /home/phostau/computer_condition_display/install/status_interfaces/include/status_interfaces/status_interfaces/msg/system_status.h
[3.100s] -- Installing: /home/phostau/computer_condition_display/install/status_interfaces/include/status_interfaces/status_interfaces/msg/rosidl_generator_c__visibility_control.h
[3.100s] -- Installing: /home/phostau/computer_condition_display/install/status_interfaces/include/status_interfaces/status_interfaces/msg/detail
[3.100s] -- Installing: /home/phostau/computer_condition_display/install/status_interfaces/include/status_interfaces/status_interfaces/msg/detail/system_status__functions.h
[3.100s] -- Installing: /home/phostau/computer_condition_display/install/status_interfaces/include/status_interfaces/status_interfaces/msg/detail/system_status__struct.h
[3.100s] -- Installing: /home/phostau/computer_condition_display/install/status_interfaces/include/status_interfaces/status_interfaces/msg/detail/system_status__functions.c
[3.101s] -- Installing: /home/phostau/computer_condition_display/install/status_interfaces/include/status_interfaces/status_interfaces/msg/detail/system_status__type_support.h
[3.101s] -- Installing: /home/phostau/computer_condition_display/install/status_interfaces/share/status_interfaces/environment/library_path.sh
[3.101s] -- Installing: /home/phostau/computer_condition_display/install/status_interfaces/share/status_interfaces/environment/library_path.dsv
[3.101s] -- Installing: /home/phostau/computer_condition_display/install/status_interfaces/lib/libstatus_interfaces__rosidl_generator_c.so
[3.101s] -- Set runtime path of "/home/phostau/computer_condition_display/install/status_interfaces/lib/libstatus_interfaces__rosidl_generator_c.so" to ""
[3.102s] -- Up-to-date: /home/phostau/computer_condition_display/install/status_interfaces/include/status_interfaces/status_interfaces
[3.102s] -- Up-to-date: /home/phostau/computer_condition_display/install/status_interfaces/include/status_interfaces/status_interfaces/msg
[3.102s] -- Installing: /home/phostau/computer_condition_display/install/status_interfaces/include/status_interfaces/status_interfaces/msg/rosidl_typesupport_fastrtps_c__visibility_control.h
[3.102s] -- Up-to-date: /home/phostau/computer_condition_display/install/status_interfaces/include/status_interfaces/status_interfaces/msg/detail
[3.102s] -- Installing: /home/phostau/computer_condition_display/install/status_interfaces/include/status_interfaces/status_interfaces/msg/detail/system_status__rosidl_typesupport_fastrtps_c.h
[3.102s] -- Installing: /home/phostau/computer_condition_display/install/status_interfaces/lib/libstatus_interfaces__rosidl_typesupport_fastrtps_c.so
[3.103s] -- Set runtime path of "/home/phostau/computer_condition_display/install/status_interfaces/lib/libstatus_interfaces__rosidl_typesupport_fastrtps_c.so" to ""
[3.103s] -- Up-to-date: /home/phostau/computer_condition_display/install/status_interfaces/include/status_interfaces/status_interfaces
[3.103s] -- Up-to-date: /home/phostau/computer_condition_display/install/status_interfaces/include/status_interfaces/status_interfaces/msg
[3.103s] -- Up-to-date: /home/phostau/computer_condition_display/install/status_interfaces/include/status_interfaces/status_interfaces/msg/detail
[3.103s] -- Installing: /home/phostau/computer_condition_display/install/status_interfaces/include/status_interfaces/status_interfaces/msg/detail/system_status__type_support.c
[3.103s] -- Installing: /home/phostau/computer_condition_display/install/status_interfaces/include/status_interfaces/status_interfaces/msg/detail/system_status__rosidl_typesupport_introspection_c.h
[3.103s] -- Installing: /home/phostau/computer_condition_display/install/status_interfaces/include/status_interfaces/status_interfaces/msg/rosidl_typesupport_introspection_c__visibility_control.h
[3.103s] -- Installing: /home/phostau/computer_condition_display/install/status_interfaces/lib/libstatus_interfaces__rosidl_typesupport_introspection_c.so
[3.104s] -- Set runtime path of "/home/phostau/computer_condition_display/install/status_interfaces/lib/libstatus_interfaces__rosidl_typesupport_introspection_c.so" to ""
[3.104s] -- Installing: /home/phostau/computer_condition_display/install/status_interfaces/lib/libstatus_interfaces__rosidl_typesupport_c.so
[3.104s] -- Set runtime path of "/home/phostau/computer_condition_display/install/status_interfaces/lib/libstatus_interfaces__rosidl_typesupport_c.so" to ""
[3.104s] -- Up-to-date: /home/phostau/computer_condition_display/install/status_interfaces/include/status_interfaces/status_interfaces
[3.104s] -- Up-to-date: /home/phostau/computer_condition_display/install/status_interfaces/include/status_interfaces/status_interfaces/msg
[3.104s] -- Up-to-date: /home/phostau/computer_condition_display/install/status_interfaces/include/status_interfaces/status_interfaces/msg/detail
[3.104s] -- Installing: /home/phostau/computer_condition_display/install/status_interfaces/include/status_interfaces/status_interfaces/msg/detail/system_status__struct.hpp
[3.105s] -- Installing: /home/phostau/computer_condition_display/install/status_interfaces/include/status_interfaces/status_interfaces/msg/detail/system_status__builder.hpp
[3.105s] -- Installing: /home/phostau/computer_condition_display/install/status_interfaces/include/status_interfaces/status_interfaces/msg/detail/system_status__type_support.hpp
[3.105s] -- Installing: /home/phostau/computer_condition_display/install/status_interfaces/include/status_interfaces/status_interfaces/msg/detail/system_status__traits.hpp
[3.105s] -- Installing: /home/phostau/computer_condition_display/install/status_interfaces/include/status_interfaces/status_interfaces/msg/system_status.hpp
[3.105s] -- Installing: /home/phostau/computer_condition_display/install/status_interfaces/include/status_interfaces/status_interfaces/msg/rosidl_generator_cpp__visibility_control.hpp
[3.105s] -- Up-to-date: /home/phostau/computer_condition_display/install/status_interfaces/include/status_interfaces/status_interfaces
[3.106s] -- Up-to-date: /home/phostau/computer_condition_display/install/status_interfaces/include/status_interfaces/status_interfaces/msg
[3.106s] -- Installing: /home/phostau/computer_condition_display/install/status_interfaces/include/status_interfaces/status_interfaces/msg/rosidl_typesupport_fastrtps_cpp__visibility_control.h
[3.106s] -- Up-to-date: /home/phostau/computer_condition_display/install/status_interfaces/include/status_interfaces/status_interfaces/msg/detail
[3.106s] -- Installing: /home/phostau/computer_condition_display/install/status_interfaces/include/status_interfaces/status_interfaces/msg/detail/system_status__rosidl_typesupport_fastrtps_cpp.hpp
[3.106s] -- Installing: /home/phostau/computer_condition_display/install/status_interfaces/include/status_interfaces/status_interfaces/msg/detail/dds_fastrtps
[3.106s] -- Installing: /home/phostau/computer_condition_display/install/status_interfaces/lib/libstatus_interfaces__rosidl_typesupport_fastrtps_cpp.so
[3.106s] -- Set runtime path of "/home/phostau/computer_condition_display/install/status_interfaces/lib/libstatus_interfaces__rosidl_typesupport_fastrtps_cpp.so" to ""
[3.106s] -- Up-to-date: /home/phostau/computer_condition_display/install/status_interfaces/include/status_interfaces/status_interfaces
[3.106s] -- Up-to-date: /home/phostau/computer_condition_display/install/status_interfaces/include/status_interfaces/status_interfaces/msg
[3.106s] -- Up-to-date: /home/phostau/computer_condition_display/install/status_interfaces/include/status_interfaces/status_interfaces/msg/detail
[3.106s] -- Installing: /home/phostau/computer_condition_display/install/status_interfaces/include/status_interfaces/status_interfaces/msg/detail/system_status__rosidl_typesupport_introspection_cpp.hpp
[3.106s] -- Installing: /home/phostau/computer_condition_display/install/status_interfaces/include/status_interfaces/status_interfaces/msg/detail/system_status__type_support.cpp
[3.107s] -- Installing: /home/phostau/computer_condition_display/install/status_interfaces/lib/libstatus_interfaces__rosidl_typesupport_introspection_cpp.so
[3.107s] -- Set runtime path of "/home/phostau/computer_condition_display/install/status_interfaces/lib/libstatus_interfaces__rosidl_typesupport_introspection_cpp.so" to ""
[3.107s] -- Installing: /home/phostau/computer_condition_display/install/status_interfaces/lib/libstatus_interfaces__rosidl_typesupport_cpp.so
[3.107s] -- Set runtime path of "/home/phostau/computer_condition_display/install/status_interfaces/lib/libstatus_interfaces__rosidl_typesupport_cpp.so" to ""
[3.107s] -- Installing: /home/phostau/computer_condition_display/install/status_interfaces/share/status_interfaces/environment/pythonpath.sh
[3.107s] -- Installing: /home/phostau/computer_condition_display/install/status_interfaces/share/status_interfaces/environment/pythonpath.dsv
[3.107s] -- Installing: /home/phostau/computer_condition_display/install/status_interfaces/local/lib/python3.10/dist-packages/status_interfaces-0.0.0-py3.10.egg-info
[3.107s] -- Installing: /home/phostau/computer_condition_display/install/status_interfaces/local/lib/python3.10/dist-packages/status_interfaces-0.0.0-py3.10.egg-info/SOURCES.txt
[3.107s] -- Installing: /home/phostau/computer_condition_display/install/status_interfaces/local/lib/python3.10/dist-packages/status_interfaces-0.0.0-py3.10.egg-info/top_level.txt
[3.107s] -- Installing: /home/phostau/computer_condition_display/install/status_interfaces/local/lib/python3.10/dist-packages/status_interfaces-0.0.0-py3.10.egg-info/dependency_links.txt
[3.107s] -- Installing: /home/phostau/computer_condition_display/install/status_interfaces/local/lib/python3.10/dist-packages/status_interfaces-0.0.0-py3.10.egg-info/PKG-INFO
[3.107s] -- Installing: /home/phostau/computer_condition_display/install/status_interfaces/local/lib/python3.10/dist-packages/status_interfaces
[3.107s] -- Installing: /home/phostau/computer_condition_display/install/status_interfaces/local/lib/python3.10/dist-packages/status_interfaces/msg
[3.108s] -- Installing: /home/phostau/computer_condition_display/install/status_interfaces/local/lib/python3.10/dist-packages/status_interfaces/msg/__init__.py
[3.108s] -- Installing: /home/phostau/computer_condition_display/install/status_interfaces/local/lib/python3.10/dist-packages/status_interfaces/msg/_system_status_s.c
[3.108s] -- Installing: /home/phostau/computer_condition_display/install/status_interfaces/local/lib/python3.10/dist-packages/status_interfaces/msg/_system_status.py
[3.108s] -- Installing: /home/phostau/computer_condition_display/install/status_interfaces/local/lib/python3.10/dist-packages/status_interfaces/_status_interfaces_s.ep.rosidl_typesupport_c.c
[3.108s] -- Installing: /home/phostau/computer_condition_display/install/status_interfaces/local/lib/python3.10/dist-packages/status_interfaces/status_interfaces_s__rosidl_typesupport_fastrtps_c.cpython-310-x86_64-linux-gnu.so
[3.108s] -- Installing: /home/phostau/computer_condition_display/install/status_interfaces/local/lib/python3.10/dist-packages/status_interfaces/__init__.py
[3.108s] -- Installing: /home/phostau/computer_condition_display/install/status_interfaces/local/lib/python3.10/dist-packages/status_interfaces/libstatus_interfaces__rosidl_generator_py.so
[3.108s] -- Installing: /home/phostau/computer_condition_display/install/status_interfaces/local/lib/python3.10/dist-packages/status_interfaces/_status_interfaces_s.ep.rosidl_typesupport_introspection_c.c
[3.108s] -- Installing: /home/phostau/computer_condition_display/install/status_interfaces/local/lib/python3.10/dist-packages/status_interfaces/_status_interfaces_s.ep.rosidl_typesupport_fastrtps_c.c
[3.108s] -- Installing: /home/phostau/computer_condition_display/install/status_interfaces/local/lib/python3.10/dist-packages/status_interfaces/status_interfaces_s__rosidl_typesupport_c.cpython-310-x86_64-linux-gnu.so
[3.108s] -- Installing: /home/phostau/computer_condition_display/install/status_interfaces/local/lib/python3.10/dist-packages/status_interfaces/status_interfaces_s__rosidl_typesupport_introspection_c.cpython-310-x86_64-linux-gnu.so
[3.130s] Listing '/home/phostau/computer_condition_display/install/status_interfaces/local/lib/python3.10/dist-packages/status_interfaces'...
[3.130s] Compiling '/home/phostau/computer_condition_display/install/status_interfaces/local/lib/python3.10/dist-packages/status_interfaces/__init__.py'...
[3.130s] Listing '/home/phostau/computer_condition_display/install/status_interfaces/local/lib/python3.10/dist-packages/status_interfaces/msg'...
[3.130s] Compiling '/home/phostau/computer_condition_display/install/status_interfaces/local/lib/python3.10/dist-packages/status_interfaces/msg/__init__.py'...
[3.130s] Compiling '/home/phostau/computer_condition_display/install/status_interfaces/local/lib/python3.10/dist-packages/status_interfaces/msg/_system_status.py'...
[3.133s] -- Installing: /home/phostau/computer_condition_display/install/status_interfaces/local/lib/python3.10/dist-packages/status_interfaces/status_interfaces_s__rosidl_typesupport_fastrtps_c.cpython-310-x86_64-linux-gnu.so
[3.133s] -- Set runtime path of "/home/phostau/computer_condition_display/install/status_interfaces/local/lib/python3.10/dist-packages/status_interfaces/status_interfaces_s__rosidl_typesupport_fastrtps_c.cpython-310-x86_64-linux-gnu.so" to ""
[3.133s] -- Installing: /home/phostau/computer_condition_display/install/status_interfaces/local/lib/python3.10/dist-packages/status_interfaces/status_interfaces_s__rosidl_typesupport_introspection_c.cpython-310-x86_64-linux-gnu.so
[3.133s] -- Set runtime path of "/home/phostau/computer_condition_display/install/status_interfaces/local/lib/python3.10/dist-packages/status_interfaces/status_interfaces_s__rosidl_typesupport_introspection_c.cpython-310-x86_64-linux-gnu.so" to ""
[3.133s] -- Installing: /home/phostau/computer_condition_display/install/status_interfaces/local/lib/python3.10/dist-packages/status_interfaces/status_interfaces_s__rosidl_typesupport_c.cpython-310-x86_64-linux-gnu.so
[3.133s] -- Set runtime path of "/home/phostau/computer_condition_display/install/status_interfaces/local/lib/python3.10/dist-packages/status_interfaces/status_interfaces_s__rosidl_typesupport_c.cpython-310-x86_64-linux-gnu.so" to ""
[3.134s] -- Installing: /home/phostau/computer_condition_display/install/status_interfaces/lib/libstatus_interfaces__rosidl_generator_py.so
[3.134s] -- Set runtime path of "/home/phostau/computer_condition_display/install/status_interfaces/lib/libstatus_interfaces__rosidl_generator_py.so" to ""
[3.134s] -- Installing: /home/phostau/computer_condition_display/install/status_interfaces/share/status_interfaces/msg/SystemStatus.idl
[3.134s] -- Installing: /home/phostau/computer_condition_display/install/status_interfaces/share/status_interfaces/msg/SystemStatus.msg
[3.134s] -- Installing: /home/phostau/computer_condition_display/install/status_interfaces/share/ament_index/resource_index/package_run_dependencies/status_interfaces
[3.134s] -- Installing: /home/phostau/computer_condition_display/install/status_interfaces/share/ament_index/resource_index/parent_prefix_path/status_interfaces
[3.134s] -- Installing: /home/phostau/computer_condition_display/install/status_interfaces/share/status_interfaces/environment/ament_prefix_path.sh
[3.134s] -- Installing: /home/phostau/computer_condition_display/install/status_interfaces/share/status_interfaces/environment/ament_prefix_path.dsv
[3.134s] -- Installing: /home/phostau/computer_condition_display/install/status_interfaces/share/status_interfaces/environment/path.sh
[3.134s] -- Installing: /home/phostau/computer_condition_display/install/status_interfaces/share/status_interfaces/environment/path.dsv
[3.134s] -- Installing: /home/phostau/computer_condition_display/install/status_interfaces/share/status_interfaces/local_setup.bash
[3.134s] -- Installing: /home/phostau/computer_condition_display/install/status_interfaces/share/status_interfaces/local_setup.sh
[3.134s] -- Installing: /home/phostau/computer_condition_display/install/status_interfaces/share/status_interfaces/local_setup.zsh
[3.135s] -- Installing: /home/phostau/computer_condition_display/install/status_interfaces/share/status_interfaces/local_setup.dsv
[3.135s] -- Installing: /home/phostau/computer_condition_display/install/status_interfaces/share/status_interfaces/package.dsv
[3.135s] -- Installing: /home/phostau/computer_condition_display/install/status_interfaces/share/ament_index/resource_index/packages/status_interfaces
[3.135s] -- Installing: /home/phostau/computer_condition_display/install/status_interfaces/share/status_interfaces/cmake/export_status_interfaces__rosidl_generator_cExport.cmake
[3.135s] -- Installing: /home/phostau/computer_condition_display/install/status_interfaces/share/status_interfaces/cmake/export_status_interfaces__rosidl_generator_cExport-noconfig.cmake
[3.135s] -- Installing: /home/phostau/computer_condition_display/install/status_interfaces/share/status_interfaces/cmake/export_status_interfaces__rosidl_typesupport_fastrtps_cExport.cmake
[3.135s] -- Installing: /home/phostau/computer_condition_display/install/status_interfaces/share/status_interfaces/cmake/export_status_interfaces__rosidl_typesupport_fastrtps_cExport-noconfig.cmake
[3.135s] -- Installing: /home/phostau/computer_condition_display/install/status_interfaces/share/status_interfaces/cmake/status_interfaces__rosidl_typesupport_introspection_cExport.cmake
[3.135s] -- Installing: /home/phostau/computer_condition_display/install/status_interfaces/share/status_interfaces/cmake/status_interfaces__rosidl_typesupport_introspection_cExport-noconfig.cmake
[3.135s] -- Installing: /home/phostau/computer_condition_display/install/status_interfaces/share/status_interfaces/cmake/status_interfaces__rosidl_typesupport_cExport.cmake
[3.135s] -- Installing: /home/phostau/computer_condition_display/install/status_interfaces/share/status_interfaces/cmake/status_interfaces__rosidl_typesupport_cExport-noconfig.cmake
[3.135s] -- Installing: /home/phostau/computer_condition_display/install/status_interfaces/share/status_interfaces/cmake/export_status_interfaces__rosidl_generator_cppExport.cmake
[3.135s] -- Installing: /home/phostau/computer_condition_display/install/status_interfaces/share/status_interfaces/cmake/export_status_interfaces__rosidl_typesupport_fastrtps_cppExport.cmake
[3.135s] -- Installing: /home/phostau/computer_condition_display/install/status_interfaces/share/status_interfaces/cmake/export_status_interfaces__rosidl_typesupport_fastrtps_cppExport-noconfig.cmake
[3.135s] -- Installing: /home/phostau/computer_condition_display/install/status_interfaces/share/status_interfaces/cmake/status_interfaces__rosidl_typesupport_introspection_cppExport.cmake
[3.135s] -- Installing: /home/phostau/computer_condition_display/install/status_interfaces/share/status_interfaces/cmake/status_interfaces__rosidl_typesupport_introspection_cppExport-noconfig.cmake
[3.135s] -- Installing: /home/phostau/computer_condition_display/install/status_interfaces/share/status_interfaces/cmake/status_interfaces__rosidl_typesupport_cppExport.cmake
[3.135s] -- Installing: /home/phostau/computer_condition_display/install/status_interfaces/share/status_interfaces/cmake/status_interfaces__rosidl_typesupport_cppExport-noconfig.cmake
[3.135s] -- Installing: /home/phostau/computer_condition_display/install/status_interfaces/share/status_interfaces/cmake/export_status_interfaces__rosidl_generator_pyExport.cmake
[3.135s] -- Installing: /home/phostau/computer_condition_display/install/status_interfaces/share/status_interfaces/cmake/export_status_interfaces__rosidl_generator_pyExport-noconfig.cmake
[3.136s] -- Installing: /home/phostau/computer_condition_display/install/status_interfaces/share/status_interfaces/cmake/rosidl_cmake-extras.cmake
[3.136s] -- Installing: /home/phostau/computer_condition_display/install/status_interfaces/share/status_interfaces/cmake/ament_cmake_export_dependencies-extras.cmake
[3.136s] -- Installing: /home/phostau/computer_condition_display/install/status_interfaces/share/status_interfaces/cmake/ament_cmake_export_include_directories-extras.cmake
[3.136s] -- Installing: /home/phostau/computer_condition_display/install/status_interfaces/share/status_interfaces/cmake/ament_cmake_export_libraries-extras.cmake
[3.136s] -- Installing: /home/phostau/computer_condition_display/install/status_interfaces/share/status_interfaces/cmake/ament_cmake_export_targets-extras.cmake
[3.136s] -- Installing: /home/phostau/computer_condition_display/install/status_interfaces/share/status_interfaces/cmake/rosidl_cmake_export_typesupport_targets-extras.cmake
[3.136s] -- Installing: /home/phostau/computer_condition_display/install/status_interfaces/share/status_interfaces/cmake/rosidl_cmake_export_typesupport_libraries-extras.cmake
[3.136s] -- Installing: /home/phostau/computer_condition_display/install/status_interfaces/share/status_interfaces/cmake/status_interfacesConfig.cmake
[3.136s] -- Installing: /home/phostau/computer_condition_display/install/status_interfaces/share/status_interfaces/cmake/status_interfacesConfig-version.cmake
[3.136s] -- Installing: /home/phostau/computer_condition_display/install/status_interfaces/share/status_interfaces/package.xml
[3.138s] Invoked command in '/home/phostau/computer_condition_display/build/status_interfaces' returned '0': CMAKE_PREFIX_PATH=${CMAKE_PREFIX_PATH}:/home/phostau/ros2_ws/install/status_publisher:/opt/ros/humble /usr/bin/cmake --install /home/phostau/computer_condition_display/build/status_interfaces
