[0.010s] Invoking command in '/home/phostau/computer_condition_display/build/status_display': AMENT_PREFIX_PATH=/home/phostau/computer_condition_display/install/status_interfaces:${AMENT_PREFIX_PATH} CMAKE_PREFIX_PATH=/home/phostau/computer_condition_display/install/status_interfaces:/home/phostau/ros2_ws/install/wpr_simulation2:/home/phostau/ros2_ws/install/wp_map_tools:/home/phostau/ros2_ws/install/vel_pkg:/home/phostau/ros2_ws/install/turtle_pkg:/home/phostau/ros2_ws/install/topic_pkg:/home/phostau/ros2_ws/install/status_display:/home/phostau/ros2_ws/install/status_interfaces:/home/phostau/ros2_ws/install/slam_pkg:/home/phostau/ros2_ws/install/patrol_controller:/home/phostau/ros2_ws/install/nav_pkg:/home/phostau/ros2_ws/install/my_pkg:/home/phostau/ros2_ws/install/lidar_pkg:/home/phostau/ros2_ws/install/lidar_behavior:/home/phostau/ros2_ws/install/imu_pkg:/home/phostau/ros2_ws/install/status_publisher:/opt/ros/humble LD_LIBRARY_PATH=/home/phostau/computer_condition_display/install/status_interfaces/lib:${LD_LIBRARY_PATH} PYTHONPATH=/home/phostau/computer_condition_display/install/status_interfaces/local/lib/python3.10/dist-packages:${PYTHONPATH} /usr/bin/cmake /home/phostau/computer_condition_display/Computer_Condition_Display/src/status_display -DCMAKE_INSTALL_PREFIX=/home/phostau/computer_condition_display/install/status_display
[0.066s] -- The C compiler identification is GNU 11.4.0
[0.106s] -- The CXX compiler identification is GNU 11.4.0
[0.111s] -- Detecting C compiler ABI info
[0.165s] -- Detecting C compiler ABI info - done
[0.170s] -- Check for working C compiler: /usr/bin/cc - skipped
[0.170s] -- Detecting C compile features
[0.170s] -- Detecting C compile features - done
[0.172s] -- Detecting CXX compiler ABI info
[0.242s] -- Detecting CXX compiler ABI info - done
[0.247s] -- Check for working CXX compiler: /usr/bin/c++ - skipped
[0.247s] -- Detecting CXX compile features
[0.247s] -- Detecting CXX compile features - done
[0.249s] -- Found ament_cmake: 1.3.12 (/opt/ros/humble/share/ament_cmake/cmake)
[0.381s] -- Found Python3: /usr/bin/python3 (found version "3.10.12") found components: Interpreter 
[0.458s] -- Found rclcpp: 16.0.15 (/opt/ros/humble/share/rclcpp/cmake)
[0.492s] -- Found rosidl_generator_c: 3.1.7 (/opt/ros/humble/share/rosidl_generator_c/cmake)
[0.497s] -- Found rosidl_adapter: 3.1.7 (/opt/ros/humble/share/rosidl_adapter/cmake)
[0.503s] -- Found rosidl_generator_cpp: 3.1.7 (/opt/ros/humble/share/rosidl_generator_cpp/cmake)
[0.512s] -- Using all available rosidl_typesupport_c: rosidl_typesupport_fastrtps_c;rosidl_typesupport_introspection_c
[0.525s] -- Using all available rosidl_typesupport_cpp: rosidl_typesupport_fastrtps_cpp;rosidl_typesupport_introspection_cpp
[0.559s] -- Found rmw_implementation_cmake: 6.1.2 (/opt/ros/humble/share/rmw_implementation_cmake/cmake)
[0.562s] -- Found rmw_fastrtps_cpp: 6.2.8 (/opt/ros/humble/share/rmw_fastrtps_cpp/cmake)
[0.655s] -- Found OpenSSL: /usr/lib/x86_64-linux-gnu/libcrypto.so (found version "3.0.2")  
[0.683s] -- Found FastRTPS: /opt/ros/humble/include  
[0.716s] -- Using RMW implementation 'rmw_fastrtps_cpp' as default
[0.724s] -- Looking for pthread.h
[0.803s] -- Looking for pthread.h - found
[0.803s] -- Performing Test CMAKE_HAVE_LIBC_PTHREAD
[0.902s] -- Performing Test CMAKE_HAVE_LIBC_PTHREAD - Success
[0.904s] -- Found Threads: TRUE  
[0.946s] -- Found status_interfaces: 0.0.0 (/home/phostau/computer_condition_display/install/status_interfaces/share/status_interfaces/cmake)
[0.968s] -- Found ament_lint_auto: 0.12.14 (/opt/ros/humble/share/ament_lint_auto/cmake)
[1.031s] -- Added test 'cppcheck' to perform static code analysis on C / C++ code
[1.031s] -- Configured cppcheck include dirs: 
[1.031s] -- Configured cppcheck exclude dirs and/or files: 
[1.032s] -- Added test 'lint_cmake' to check CMake code style
[1.032s] -- Added test 'uncrustify' to check C / C++ code style
[1.032s] -- Configured uncrustify additional arguments: 
[1.033s] -- Added test 'xmllint' to check XML markup files
[1.033s] -- Configuring done
[1.039s] -- Generating done
[1.042s] -- Build files have been written to: /home/phostau/computer_condition_display/build/status_display
[1.050s] Invoked command in '/home/phostau/computer_condition_display/build/status_display' returned '0': AMENT_PREFIX_PATH=/home/phostau/computer_condition_display/install/status_interfaces:${AMENT_PREFIX_PATH} CMAKE_PREFIX_PATH=/home/phostau/computer_condition_display/install/status_interfaces:/home/phostau/ros2_ws/install/wpr_simulation2:/home/phostau/ros2_ws/install/wp_map_tools:/home/phostau/ros2_ws/install/vel_pkg:/home/phostau/ros2_ws/install/turtle_pkg:/home/phostau/ros2_ws/install/topic_pkg:/home/phostau/ros2_ws/install/status_display:/home/phostau/ros2_ws/install/status_interfaces:/home/phostau/ros2_ws/install/slam_pkg:/home/phostau/ros2_ws/install/patrol_controller:/home/phostau/ros2_ws/install/nav_pkg:/home/phostau/ros2_ws/install/my_pkg:/home/phostau/ros2_ws/install/lidar_pkg:/home/phostau/ros2_ws/install/lidar_behavior:/home/phostau/ros2_ws/install/imu_pkg:/home/phostau/ros2_ws/install/status_publisher:/opt/ros/humble LD_LIBRARY_PATH=/home/phostau/computer_condition_display/install/status_interfaces/lib:${LD_LIBRARY_PATH} PYTHONPATH=/home/phostau/computer_condition_display/install/status_interfaces/local/lib/python3.10/dist-packages:${PYTHONPATH} /usr/bin/cmake /home/phostau/computer_condition_display/Computer_Condition_Display/src/status_display -DCMAKE_INSTALL_PREFIX=/home/phostau/computer_condition_display/install/status_display
[1.051s] Invoking command in '/home/phostau/computer_condition_display/build/status_display': AMENT_PREFIX_PATH=/home/phostau/computer_condition_display/install/status_interfaces:${AMENT_PREFIX_PATH} CMAKE_PREFIX_PATH=/home/phostau/computer_condition_display/install/status_interfaces:/home/phostau/ros2_ws/install/wpr_simulation2:/home/phostau/ros2_ws/install/wp_map_tools:/home/phostau/ros2_ws/install/vel_pkg:/home/phostau/ros2_ws/install/turtle_pkg:/home/phostau/ros2_ws/install/topic_pkg:/home/phostau/ros2_ws/install/status_display:/home/phostau/ros2_ws/install/status_interfaces:/home/phostau/ros2_ws/install/slam_pkg:/home/phostau/ros2_ws/install/patrol_controller:/home/phostau/ros2_ws/install/nav_pkg:/home/phostau/ros2_ws/install/my_pkg:/home/phostau/ros2_ws/install/lidar_pkg:/home/phostau/ros2_ws/install/lidar_behavior:/home/phostau/ros2_ws/install/imu_pkg:/home/phostau/ros2_ws/install/status_publisher:/opt/ros/humble LD_LIBRARY_PATH=/home/phostau/computer_condition_display/install/status_interfaces/lib:${LD_LIBRARY_PATH} PYTHONPATH=/home/phostau/computer_condition_display/install/status_interfaces/local/lib/python3.10/dist-packages:${PYTHONPATH} /usr/bin/cmake --build /home/phostau/computer_condition_display/build/status_display -- -j16 -l16
[1.099s] [ 50%] [32mBuilding CXX object CMakeFiles/status_display.dir/src/status_display.cpp.o[0m
[7.054s] [100%] [32m[1mLinking CXX executable status_display[0m
[7.537s] [100%] Built target status_display
[7.548s] Invoked command in '/home/phostau/computer_condition_display/build/status_display' returned '0': AMENT_PREFIX_PATH=/home/phostau/computer_condition_display/install/status_interfaces:${AMENT_PREFIX_PATH} CMAKE_PREFIX_PATH=/home/phostau/computer_condition_display/install/status_interfaces:/home/phostau/ros2_ws/install/wpr_simulation2:/home/phostau/ros2_ws/install/wp_map_tools:/home/phostau/ros2_ws/install/vel_pkg:/home/phostau/ros2_ws/install/turtle_pkg:/home/phostau/ros2_ws/install/topic_pkg:/home/phostau/ros2_ws/install/status_display:/home/phostau/ros2_ws/install/status_interfaces:/home/phostau/ros2_ws/install/slam_pkg:/home/phostau/ros2_ws/install/patrol_controller:/home/phostau/ros2_ws/install/nav_pkg:/home/phostau/ros2_ws/install/my_pkg:/home/phostau/ros2_ws/install/lidar_pkg:/home/phostau/ros2_ws/install/lidar_behavior:/home/phostau/ros2_ws/install/imu_pkg:/home/phostau/ros2_ws/install/status_publisher:/opt/ros/humble LD_LIBRARY_PATH=/home/phostau/computer_condition_display/install/status_interfaces/lib:${LD_LIBRARY_PATH} PYTHONPATH=/home/phostau/computer_condition_display/install/status_interfaces/local/lib/python3.10/dist-packages:${PYTHONPATH} /usr/bin/cmake --build /home/phostau/computer_condition_display/build/status_display -- -j16 -l16
[7.550s] Invoking command in '/home/phostau/computer_condition_display/build/status_display': AMENT_PREFIX_PATH=/home/phostau/computer_condition_display/install/status_interfaces:${AMENT_PREFIX_PATH} CMAKE_PREFIX_PATH=/home/phostau/computer_condition_display/install/status_interfaces:/home/phostau/ros2_ws/install/wpr_simulation2:/home/phostau/ros2_ws/install/wp_map_tools:/home/phostau/ros2_ws/install/vel_pkg:/home/phostau/ros2_ws/install/turtle_pkg:/home/phostau/ros2_ws/install/topic_pkg:/home/phostau/ros2_ws/install/status_display:/home/phostau/ros2_ws/install/status_interfaces:/home/phostau/ros2_ws/install/slam_pkg:/home/phostau/ros2_ws/install/patrol_controller:/home/phostau/ros2_ws/install/nav_pkg:/home/phostau/ros2_ws/install/my_pkg:/home/phostau/ros2_ws/install/lidar_pkg:/home/phostau/ros2_ws/install/lidar_behavior:/home/phostau/ros2_ws/install/imu_pkg:/home/phostau/ros2_ws/install/status_publisher:/opt/ros/humble LD_LIBRARY_PATH=/home/phostau/computer_condition_display/install/status_interfaces/lib:${LD_LIBRARY_PATH} PYTHONPATH=/home/phostau/computer_condition_display/install/status_interfaces/local/lib/python3.10/dist-packages:${PYTHONPATH} /usr/bin/cmake --install /home/phostau/computer_condition_display/build/status_display
[7.559s] -- Install configuration: ""
[7.559s] -- Installing: /home/phostau/computer_condition_display/install/status_display/lib/status_display/status_display
[7.562s] -- Set runtime path of "/home/phostau/computer_condition_display/install/status_display/lib/status_display/status_display" to ""
[7.562s] -- Installing: /home/phostau/computer_condition_display/install/status_display/share/ament_index/resource_index/package_run_dependencies/status_display
[7.562s] -- Installing: /home/phostau/computer_condition_display/install/status_display/share/ament_index/resource_index/parent_prefix_path/status_display
[7.562s] -- Installing: /home/phostau/computer_condition_display/install/status_display/share/status_display/environment/ament_prefix_path.sh
[7.563s] -- Installing: /home/phostau/computer_condition_display/install/status_display/share/status_display/environment/ament_prefix_path.dsv
[7.563s] -- Installing: /home/phostau/computer_condition_display/install/status_display/share/status_display/environment/path.sh
[7.563s] -- Installing: /home/phostau/computer_condition_display/install/status_display/share/status_display/environment/path.dsv
[7.563s] -- Installing: /home/phostau/computer_condition_display/install/status_display/share/status_display/local_setup.bash
[7.563s] -- Installing: /home/phostau/computer_condition_display/install/status_display/share/status_display/local_setup.sh
[7.563s] -- Installing: /home/phostau/computer_condition_display/install/status_display/share/status_display/local_setup.zsh
[7.563s] -- Installing: /home/phostau/computer_condition_display/install/status_display/share/status_display/local_setup.dsv
[7.563s] -- Installing: /home/phostau/computer_condition_display/install/status_display/share/status_display/package.dsv
[7.563s] -- Installing: /home/phostau/computer_condition_display/install/status_display/share/ament_index/resource_index/packages/status_display
[7.563s] -- Installing: /home/phostau/computer_condition_display/install/status_display/share/status_display/cmake/status_displayConfig.cmake
[7.564s] -- Installing: /home/phostau/computer_condition_display/install/status_display/share/status_display/cmake/status_displayConfig-version.cmake
[7.564s] -- Installing: /home/phostau/computer_condition_display/install/status_display/share/status_display/package.xml
[7.566s] Invoked command in '/home/phostau/computer_condition_display/build/status_display' returned '0': AMENT_PREFIX_PATH=/home/phostau/computer_condition_display/install/status_interfaces:${AMENT_PREFIX_PATH} CMAKE_PREFIX_PATH=/home/phostau/computer_condition_display/install/status_interfaces:/home/phostau/ros2_ws/install/wpr_simulation2:/home/phostau/ros2_ws/install/wp_map_tools:/home/phostau/ros2_ws/install/vel_pkg:/home/phostau/ros2_ws/install/turtle_pkg:/home/phostau/ros2_ws/install/topic_pkg:/home/phostau/ros2_ws/install/status_display:/home/phostau/ros2_ws/install/status_interfaces:/home/phostau/ros2_ws/install/slam_pkg:/home/phostau/ros2_ws/install/patrol_controller:/home/phostau/ros2_ws/install/nav_pkg:/home/phostau/ros2_ws/install/my_pkg:/home/phostau/ros2_ws/install/lidar_pkg:/home/phostau/ros2_ws/install/lidar_behavior:/home/phostau/ros2_ws/install/imu_pkg:/home/phostau/ros2_ws/install/status_publisher:/opt/ros/humble LD_LIBRARY_PATH=/home/phostau/computer_condition_display/install/status_interfaces/lib:${LD_LIBRARY_PATH} PYTHONPATH=/home/phostau/computer_condition_display/install/status_interfaces/local/lib/python3.10/dist-packages:${PYTHONPATH} /usr/bin/cmake --install /home/phostau/computer_condition_display/build/status_display
